#
# There is insufficient memory for the Java Runtime Environment to continue.
# Native memory allocation (malloc) failed to allocate 1445136 bytes for Chunk::new
# Possible reasons:
#   The system is out of physical RAM or swap space
#   The process is running with CompressedOops enabled, and the Java Heap may be blocking the growth of the native heap
# Possible solutions:
#   Reduce memory load on the system
#   Increase physical memory or swap space
#   Check if swap backing store is full
#   Decrease Java heap size (-Xmx/-Xms)
#   Decrease number of Java threads
#   Decrease Java thread stack sizes (-Xss)
#   Set larger code cache with -XX:ReservedCodeCacheSize=
#   JVM is running with Unscaled Compressed Oops mode in which the Java heap is
#     placed in the first 4GB address space. The Java Heap base address is the
#     maximum limit for the native heap growth. Please use -XX:HeapBaseMinAddress
#     to set the Java Heap base and to place the Java Heap above 4GB virtual address.
# This output file may be truncated or incomplete.
#
#  Out of Memory Error (allocation.cpp:389), pid=520, tid=0x00000000000015ec
#
# JRE version: OpenJDK Runtime Environment (8.0_242-b01) (build 1.8.0_242-release-1644-b01)
# Java VM: OpenJDK 64-Bit Server VM (25.242-b01 mixed mode windows-amd64 compressed oops)
# Failed to write core dump. Minidumps are not enabled by default on client versions of Windows
#

---------------  T H R E A D  ---------------

Current thread (0x0000000019bcb800):  JavaThread "C2 CompilerThread1" daemon [_thread_in_native, id=5612, stack(0x000000001b340000,0x000000001b440000)]

Stack: [0x000000001b340000,0x000000001b440000]
[error occurred during error reporting (printing stack bounds), id 0xc0000005]

Native frames: (J=compiled Java code, j=interpreted, Vv=VM code, C=native code)


Current CompileTask:
C2:   3053 2797       4       groovy.lang.MetaClassImpl$1MOPIter::methodNameAction (325 bytes)


---------------  P R O C E S S  ---------------

Java Threads: ( => current thread )
  0x000000001d57a000 JavaThread "Cache worker for file content cache (C:\Users\ADMIN\.gradle\caches\6.5\fileContent)" [_thread_blocked, id=12712, stack(0x0000000023b70000,0x0000000023c70000)]
  0x000000001d57b800 JavaThread "jar transforms" [_thread_blocked, id=13004, stack(0x0000000023a70000,0x0000000023b70000)]
  0x000000001d578800 JavaThread "Cache worker for execution history cache (C:\Users\ADMIN\.gradle\caches\6.5\executionHistory)" [_thread_blocked, id=2264, stack(0x0000000023260000,0x0000000023360000)]
  0x000000001d577800 JavaThread "Cache worker for cache directory md-rule (C:\Users\ADMIN\.gradle\caches\6.5\md-rule)" [_thread_blocked, id=8292, stack(0x0000000023160000,0x0000000023260000)]
  0x000000001d575800 JavaThread "Cache worker for cache directory md-supplier (C:\Users\ADMIN\.gradle\caches\6.5\md-supplier)" [_thread_blocked, id=6880, stack(0x0000000021e00000,0x0000000021f00000)]
  0x000000001d574800 JavaThread "Cache worker for checksums cache (E:\Bai TAp Android\RECYCLERR\.gradle\checksums)" [_thread_blocked, id=11520, stack(0x0000000021d00000,0x0000000021e00000)]
  0x000000001d579800 JavaThread "Cache worker for file hash cache (E:\Bai TAp Android\RECYCLERR\.gradle\6.5\fileHashes)" [_thread_blocked, id=6824, stack(0x0000000023570000,0x0000000023670000)]
  0x000000001d576000 JavaThread "Cache worker for file hash cache (C:\Users\ADMIN\.gradle\caches\6.5\fileHashes)" [_thread_blocked, id=2068, stack(0x000000001f860000,0x000000001f960000)]
  0x000000001d577000 JavaThread "File lock request listener" [_thread_in_native, id=12208, stack(0x000000001f760000,0x000000001f860000)]
  0x000000001d48f000 JavaThread "Cache worker for journal cache (C:\Users\ADMIN\.gradle\caches\journal-1)" [_thread_blocked, id=540, stack(0x000000001f660000,0x000000001f760000)]
  0x000000001d455800 JavaThread "Thread-9" [_thread_blocked, id=10136, stack(0x000000001f360000,0x000000001f460000)]
  0x000000001ba25800 JavaThread "Stdin handler" [_thread_blocked, id=12144, stack(0x000000001f260000,0x000000001f360000)]
  0x000000001d460000 JavaThread "Asynchronous log dispatcher for DefaultDaemonConnection: socket connection from /127.0.0.1:57907 to /127.0.0.1:57908" [_thread_blocked, id=2356, stack(0x000000001f160000,0x000000001f260000)]
  0x000000001d45f000 JavaThread "Daemon worker" [_thread_in_Java, id=10528, stack(0x000000001f060000,0x000000001f160000)]
  0x000000001d45c000 JavaThread "Cancel handler" [_thread_blocked, id=3388, stack(0x000000001ef60000,0x000000001f060000)]
  0x000000001d41c800 JavaThread "Handler for socket connection from /127.0.0.1:57907 to /127.0.0.1:57908" [_thread_in_native, id=9008, stack(0x000000001ee60000,0x000000001ef60000)]
  0x000000001d417000 JavaThread "Daemon" [_thread_blocked, id=10388, stack(0x000000001ed60000,0x000000001ee60000)]
  0x000000001d404000 JavaThread "Daemon periodic checks" [_thread_blocked, id=5528, stack(0x000000001ea60000,0x000000001eb60000)]
  0x000000001d3b1000 JavaThread "Incoming local TCP Connector on port 57907" [_thread_in_native, id=7176, stack(0x000000001e820000,0x000000001e920000)]
  0x000000001d33f800 JavaThread "Daemon health stats" [_thread_blocked, id=6092, stack(0x000000001e1e0000,0x000000001e2e0000)]
  0x0000000019c5a000 JavaThread "Service Thread" daemon [_thread_blocked, id=13024, stack(0x000000001b640000,0x000000001b740000)]
  0x0000000019bd1800 JavaThread "C1 CompilerThread3" daemon [_thread_blocked, id=12368, stack(0x000000001b540000,0x000000001b640000)]
  0x0000000019bd1000 JavaThread "C2 CompilerThread2" daemon [_thread_in_native, id=6732, stack(0x000000001b440000,0x000000001b540000)]
=>0x0000000019bcb800 JavaThread "C2 CompilerThread1" daemon [_thread_in_native, id=5612, stack(0x000000001b340000,0x000000001b440000)]
  0x0000000019bc3800 JavaThread "C2 CompilerThread0" daemon [_thread_in_native, id=9188, stack(0x000000001b240000,0x000000001b340000)]
  0x0000000019bc1000 JavaThread "Attach Listener" daemon [_thread_blocked, id=4760, stack(0x000000001b140000,0x000000001b240000)]
  0x0000000019bc0000 JavaThread "Signal Dispatcher" daemon [_thread_blocked, id=6348, stack(0x000000001b040000,0x000000001b140000)]
  0x000000000327a800 JavaThread "Finalizer" daemon [_thread_blocked, id=4424, stack(0x000000001ae40000,0x000000001af40000)]
  0x0000000019bb3000 JavaThread "Reference Handler" daemon [_thread_blocked, id=8728, stack(0x000000001ad40000,0x000000001ae40000)]
  0x000000000317d800 JavaThread "main" [_thread_blocked, id=5076, stack(0x0000000003030000,0x0000000003130000)]

Other Threads:
  0x00000000184e5800 VMThread [stack: 0x000000001ac40000,0x000000001ad40000] [id=3084]
  0x0000000019c5b000 WatcherThread [stack: 0x000000001b740000,0x000000001b840000] [id=12992]

VM state:not at safepoint (normal execution)

VM Mutex/Monitor currently owned by a thread: None

heap address: 0x0000000080000000, size: 2048 MB, Compressed Oops mode: 32-bit
Narrow klass base: 0x0000000000000000, Narrow klass shift: 3
Compressed class space size: 1073741824 Address: 0x0000000100000000

Heap:
 PSYoungGen      total 137216K, used 43543K [0x00000000d5580000, 0x00000000e1380000, 0x0000000100000000)
  eden space 125952K, 34% used [0x00000000d5580000,0x00000000d8005c38,0x00000000dd080000)
  from space 11264K, 0% used [0x00000000dd080000,0x00000000dd080000,0x00000000ddb80000)
  to   space 12288K, 0% used [0x00000000e0780000,0x00000000e0780000,0x00000000e1380000)
 ParOldGen       total 49152K, used 16448K [0x0000000080000000, 0x0000000083000000, 0x00000000d5580000)
  object space 49152K, 33% used [0x0000000080000000,0x00000000810101f0,0x0000000083000000)
 Metaspace       used 36453K, capacity 37578K, committed 37680K, reserved 1081344K
  class space    used 4912K, capacity 5157K, committed 5168K, reserved 1048576K

Card table byte_map: [0x0000000012640000,0x0000000012a50000] byte_map_base: 0x0000000012240000

Marking Bits: (ParMarkBitMap*) 0x000000005fbdf030
 Begin Bits: [0x0000000013700000, 0x0000000015700000)
 End Bits:   [0x0000000015700000, 0x0000000017700000)

Polling page: 0x0000000001140000

CodeCache: size=245760Kb used=11278Kb max_used=11279Kb free=234481Kb
 bounds [0x0000000003280000, 0x0000000003d90000, 0x0000000012280000]
 total_blobs=3639 nmethods=2929 adapters=623
 compilation: enabled

Compilation events (10 events):
Event: 3.022 Thread 0x0000000019bc3800 nmethod 2914 0x0000000003d7edd0 code [0x0000000003d7ef20, 0x0000000003d7f1b8]
Event: 3.030 Thread 0x0000000019bd1800 2931       1       java.util.TreeMap::size (5 bytes)
Event: 3.031 Thread 0x0000000019bd1800 nmethod 2931 0x0000000003d7eb10 code [0x0000000003d7ec60, 0x0000000003d7ed70]
Event: 3.031 Thread 0x0000000019bd1800 2932       3       java.lang.Byte::valueOf (10 bytes)
Event: 3.031 Thread 0x0000000019bd1800 nmethod 2932 0x0000000003d7e750 code [0x0000000003d7e8a0, 0x0000000003d7ea10]
Event: 3.031 Thread 0x0000000019bd1800 2933       3       java.lang.invoke.MemberName::<init> (131 bytes)
Event: 3.033 Thread 0x0000000019bd1800 nmethod 2933 0x0000000003d88810 code [0x0000000003d88ae0, 0x0000000003d89ed8]
Event: 3.033 Thread 0x0000000019bd1800 2934       3       java.net.URI::match (56 bytes)
Event: 3.033 Thread 0x0000000019bd1800 nmethod 2934 0x0000000003d80a10 code [0x0000000003d80b80, 0x0000000003d80e90]
Event: 3.046 Thread 0x0000000019bc3800 2935       4       java.lang.ClassLoader::preDefineClass (109 bytes)

GC Heap History (10 events):
Event: 1.795 GC heap before
{Heap before GC invocations=7 (full 0):
 PSYoungGen      total 74752K, used 12992K [0x00000000d5580000, 0x00000000dab80000, 0x0000000100000000)
  eden space 64512K, 6% used [0x00000000d5580000,0x00000000d599fb28,0x00000000d9480000)
  from space 10240K, 85% used [0x00000000d9f80000,0x00000000da810868,0x00000000da980000)
  to   space 11264K, 0% used [0x00000000d9480000,0x00000000d9480000,0x00000000d9f80000)
 ParOldGen       total 86016K, used 6433K [0x0000000080000000, 0x0000000085400000, 0x00000000d5580000)
  object space 86016K, 7% used [0x0000000080000000,0x00000000806487f0,0x0000000085400000)
 Metaspace       used 20552K, capacity 21208K, committed 21296K, reserved 1067008K
  class space    used 2875K, capacity 3076K, committed 3120K, reserved 1048576K
Event: 1.799 GC heap after
Heap after GC invocations=7 (full 0):
 PSYoungGen      total 75776K, used 4068K [0x00000000d5580000, 0x00000000de880000, 0x0000000100000000)
  eden space 64512K, 0% used [0x00000000d5580000,0x00000000d5580000,0x00000000d9480000)
  from space 11264K, 36% used [0x00000000d9480000,0x00000000d9879050,0x00000000d9f80000)
  to   space 10752K, 0% used [0x00000000dde00000,0x00000000dde00000,0x00000000de880000)
 ParOldGen       total 86016K, used 8670K [0x0000000080000000, 0x0000000085400000, 0x00000000d5580000)
  object space 86016K, 10% used [0x0000000080000000,0x0000000080877850,0x0000000085400000)
 Metaspace       used 20552K, capacity 21208K, committed 21296K, reserved 1067008K
  class space    used 2875K, capacity 3076K, committed 3120K, reserved 1048576K
}
Event: 1.799 GC heap before
{Heap before GC invocations=8 (full 1):
 PSYoungGen      total 75776K, used 4068K [0x00000000d5580000, 0x00000000de880000, 0x0000000100000000)
  eden space 64512K, 0% used [0x00000000d5580000,0x00000000d5580000,0x00000000d9480000)
  from space 11264K, 36% used [0x00000000d9480000,0x00000000d9879050,0x00000000d9f80000)
  to   space 10752K, 0% used [0x00000000dde00000,0x00000000dde00000,0x00000000de880000)
 ParOldGen       total 86016K, used 8670K [0x0000000080000000, 0x0000000085400000, 0x00000000d5580000)
  object space 86016K, 10% used [0x0000000080000000,0x0000000080877850,0x0000000085400000)
 Metaspace       used 20552K, capacity 21208K, committed 21296K, reserved 1067008K
  class space    used 2875K, capacity 3076K, committed 3120K, reserved 1048576K
Event: 1.824 GC heap after
Heap after GC invocations=8 (full 1):
 PSYoungGen      total 75776K, used 0K [0x00000000d5580000, 0x00000000de880000, 0x0000000100000000)
  eden space 64512K, 0% used [0x00000000d5580000,0x00000000d5580000,0x00000000d9480000)
  from space 11264K, 0% used [0x00000000d9480000,0x00000000d9480000,0x00000000d9f80000)
  to   space 10752K, 0% used [0x00000000dde00000,0x00000000dde00000,0x00000000de880000)
 ParOldGen       total 49152K, used 6749K [0x0000000080000000, 0x0000000083000000, 0x00000000d5580000)
  object space 49152K, 13% used [0x0000000080000000,0x00000000806976b0,0x0000000083000000)
 Metaspace       used 20552K, capacity 21208K, committed 21296K, reserved 1067008K
  class space    used 2875K, capacity 3076K, committed 3120K, reserved 1048576K
}
Event: 2.248 GC heap before
{Heap before GC invocations=9 (full 1):
 PSYoungGen      total 75776K, used 64512K [0x00000000d5580000, 0x00000000de880000, 0x0000000100000000)
  eden space 64512K, 100% used [0x00000000d5580000,0x00000000d9480000,0x00000000d9480000)
  from space 11264K, 0% used [0x00000000d9480000,0x00000000d9480000,0x00000000d9f80000)
  to   space 10752K, 0% used [0x00000000dde00000,0x00000000dde00000,0x00000000de880000)
 ParOldGen       total 49152K, used 6749K [0x0000000080000000, 0x0000000083000000, 0x00000000d5580000)
  object space 49152K, 13% used [0x0000000080000000,0x0000000080697758,0x0000000083000000)
 Metaspace       used 28584K, capacity 29428K, committed 29616K, reserved 1075200K
  class space    used 3965K, capacity 4188K, committed 4272K, reserved 1048576K
Event: 2.254 GC heap after
Heap after GC invocations=9 (full 1):
 PSYoungGen      total 124928K, used 8436K [0x00000000d5580000, 0x00000000de680000, 0x0000000100000000)
  eden space 116224K, 0% used [0x00000000d5580000,0x00000000d5580000,0x00000000dc700000)
  from space 8704K, 96% used [0x00000000dde00000,0x00000000de63d008,0x00000000de680000)
  to   space 11264K, 0% used [0x00000000dd080000,0x00000000dd080000,0x00000000ddb80000)
 ParOldGen       total 49152K, used 6757K [0x0000000080000000, 0x0000000083000000, 0x00000000d5580000)
  object space 49152K, 13% used [0x0000000080000000,0x0000000080699758,0x0000000083000000)
 Metaspace       used 28584K, capacity 29428K, committed 29616K, reserved 1075200K
  class space    used 3965K, capacity 4188K, committed 4272K, reserved 1048576K
}
Event: 2.688 GC heap before
{Heap before GC invocations=10 (full 1):
 PSYoungGen      total 124928K, used 70688K [0x00000000d5580000, 0x00000000de680000, 0x0000000100000000)
  eden space 116224K, 53% used [0x00000000d5580000,0x00000000d924b1a8,0x00000000dc700000)
  from space 8704K, 96% used [0x00000000dde00000,0x00000000de63d008,0x00000000de680000)
  to   space 11264K, 0% used [0x00000000dd080000,0x00000000dd080000,0x00000000ddb80000)
 ParOldGen       total 49152K, used 6757K [0x0000000080000000, 0x0000000083000000, 0x00000000d5580000)
  object space 49152K, 13% used [0x0000000080000000,0x0000000080699758,0x0000000083000000)
 Metaspace       used 34403K, capacity 35384K, committed 35496K, reserved 1079296K
  class space    used 4634K, capacity 4901K, committed 4912K, reserved 1048576K
Event: 2.695 GC heap after
Heap after GC invocations=10 (full 1):
 PSYoungGen      total 137216K, used 10436K [0x00000000d5580000, 0x00000000e1380000, 0x0000000100000000)
  eden space 125952K, 0% used [0x00000000d5580000,0x00000000d5580000,0x00000000dd080000)
  from space 11264K, 92% used [0x00000000dd080000,0x00000000ddab1080,0x00000000ddb80000)
  to   space 12288K, 0% used [0x00000000e0780000,0x00000000e0780000,0x00000000e1380000)
 ParOldGen       total 49152K, used 6765K [0x0000000080000000, 0x0000000083000000, 0x00000000d5580000)
  object space 49152K, 13% used [0x0000000080000000,0x000000008069b758,0x0000000083000000)
 Metaspace       used 34403K, capacity 35384K, committed 35496K, reserved 1079296K
  class space    used 4634K, capacity 4901K, committed 4912K, reserved 1048576K
}
Event: 2.695 GC heap before
{Heap before GC invocations=11 (full 2):
 PSYoungGen      total 137216K, used 10436K [0x00000000d5580000, 0x00000000e1380000, 0x0000000100000000)
  eden space 125952K, 0% used [0x00000000d5580000,0x00000000d5580000,0x00000000dd080000)
  from space 11264K, 92% used [0x00000000dd080000,0x00000000ddab1080,0x00000000ddb80000)
  to   space 12288K, 0% used [0x00000000e0780000,0x00000000e0780000,0x00000000e1380000)
 ParOldGen       total 49152K, used 6765K [0x0000000080000000, 0x0000000083000000, 0x00000000d5580000)
  object space 49152K, 13% used [0x0000000080000000,0x000000008069b758,0x0000000083000000)
 Metaspace       used 34403K, capacity 35384K, committed 35496K, reserved 1079296K
  class space    used 4634K, capacity 4901K, committed 4912K, reserved 1048576K
Event: 2.744 GC heap after
Heap after GC invocations=11 (full 2):
 PSYoungGen      total 137216K, used 0K [0x00000000d5580000, 0x00000000e1380000, 0x0000000100000000)
  eden space 125952K, 0% used [0x00000000d5580000,0x00000000d5580000,0x00000000dd080000)
  from space 11264K, 0% used [0x00000000dd080000,0x00000000dd080000,0x00000000ddb80000)
  to   space 12288K, 0% used [0x00000000e0780000,0x00000000e0780000,0x00000000e1380000)
 ParOldGen       total 49152K, used 16448K [0x0000000080000000, 0x0000000083000000, 0x00000000d5580000)
  object space 49152K, 33% used [0x0000000080000000,0x00000000810101f0,0x0000000083000000)
 Metaspace       used 34403K, capacity 35384K, committed 35496K, reserved 1079296K
  class space    used 4634K, capacity 4901K, committed 4912K, reserved 1048576K
}

Deoptimization events (10 events):
Event: 2.420 Thread 0x000000001d45f000 Uncommon trap: reason=unstable_if action=reinterpret pc=0x000000000386eacc method=java.util.HashMap.putVal(ILjava/lang/Object;Ljava/lang/Object;ZZ)Ljava/lang/Object; @ 85
Event: 2.464 Thread 0x000000001d45f000 Uncommon trap: reason=unstable_if action=reinterpret pc=0x0000000003a46984 method=org.gradle.internal.reflect.PropertyAccessorType.isGetGetterName(Ljava/lang/String;)Z @ 14
Event: 2.477 Thread 0x000000001d45f000 Uncommon trap: reason=unstable_if action=reinterpret pc=0x0000000003964dc0 method=org.objectweb.asm.ByteVector.putShort(I)Lorg/objectweb/asm/ByteVector; @ 13
Event: 2.626 Thread 0x000000001d45f000 Uncommon trap: reason=unstable_if action=reinterpret pc=0x00000000039fc0bc method=java.io.BufferedInputStream.read([BII)I @ 56
Event: 2.639 Thread 0x000000001d45f000 Uncommon trap: reason=unstable_if action=reinterpret pc=0x0000000003556e88 method=sun.misc.MetaIndex.mayContain(Ljava/lang/String;)Z @ 38
Event: 2.818 Thread 0x000000001d45f000 Uncommon trap: reason=unstable_if action=reinterpret pc=0x00000000038c98f8 method=java.net.URLClassLoader.defineClass(Ljava/lang/String;Lsun/misc/Resource;)Ljava/lang/Class; @ 21
Event: 2.827 Thread 0x000000001d45f000 Uncommon trap: reason=unstable_if action=reinterpret pc=0x0000000003a4d31c method=java.lang.ClassValue.match(Ljava/lang/ClassValue$Entry;)Z @ 12
Event: 2.854 Thread 0x000000001d45f000 Uncommon trap: reason=unstable_if action=reinterpret pc=0x0000000003cf4b7c method=org.codehaus.groovy.runtime.metaclass.MetaMethodIndex.addMethodToList(Ljava/lang/Object;Lgroovy/lang/MetaMethod;)Ljava/lang/Object; @ 226
Event: 2.916 Thread 0x000000001d45f000 Uncommon trap: reason=range_check action=make_not_entrant pc=0x0000000003bed038 method=java.lang.String.charAt(I)C @ 27
Event: 3.029 Thread 0x000000001d45f000 Uncommon trap: reason=unstable_if action=reinterpret pc=0x0000000003c07020 method=java.net.URI.match(CJJ)Z @ 45

Classes redefined (0 events):
No events

Internal exceptions (10 events):
Event: 2.995 Thread 0x000000001d45f000 Exception <a 'java/lang/ClassNotFoundException': org/gradle/api/internal/artifacts/dsl/dependencies/DefaultDependencyHandler_DecoratedBeanInfo> (0x00000000d774d8b0) thrown at [C:\src\AOSP-openjdk-git\hotspot\src\share\vm\classfile\systemDictionary.cpp, li
Event: 2.995 Thread 0x000000001d45f000 Exception <a 'java/lang/ClassNotFoundException': org/gradle/api/internal/artifacts/dsl/dependencies/DefaultDependencyHandlerBeanInfo> (0x00000000d77a6280) thrown at [C:\src\AOSP-openjdk-git\hotspot\src\share\vm\classfile\systemDictionary.cpp, line 210]
Event: 2.996 Thread 0x000000001d45f000 Exception <a 'java/lang/ClassNotFoundException': org/gradle/api/internal/artifacts/dsl/dependencies/DefaultDependencyHandlerCustomizer> (0x00000000d77ffec0) thrown at [C:\src\AOSP-openjdk-git\hotspot\src\share\vm\classfile\systemDictionary.cpp, line 210]
Event: 2.999 Thread 0x000000001d45f000 Exception <a 'java/lang/ClassNotFoundException': org/gradle/api/internal/artifacts/dsl/dependencies/DefaultDependencyHandler_DecoratedCustomizer> (0x00000000d788aba8) thrown at [C:\src\AOSP-openjdk-git\hotspot\src\share\vm\classfile\systemDictionary.cpp, 
Event: 3.017 Thread 0x000000001d45f000 Exception <a 'java/lang/ClassNotFoundException': groovy/lang/GString$1BeanInfo> (0x00000000d7a681d0) thrown at [C:\src\AOSP-openjdk-git\hotspot\src\share\vm\classfile\systemDictionary.cpp, line 210]
Event: 3.018 Thread 0x000000001d45f000 Exception <a 'java/lang/ClassNotFoundException': groovy/lang/GStringBeanInfo> (0x00000000d7a89640) thrown at [C:\src\AOSP-openjdk-git\hotspot\src\share\vm\classfile\systemDictionary.cpp, line 210]
Event: 3.018 Thread 0x000000001d45f000 Exception <a 'java/lang/ClassNotFoundException': groovy/lang/GStringCustomizer> (0x00000000d7aab628) thrown at [C:\src\AOSP-openjdk-git\hotspot\src\share\vm\classfile\systemDictionary.cpp, line 210]
Event: 3.020 Thread 0x000000001d45f000 Exception <a 'java/lang/ClassNotFoundException': groovy/lang/GString$1Customizer> (0x00000000d7ad9a00) thrown at [C:\src\AOSP-openjdk-git\hotspot\src\share\vm\classfile\systemDictionary.cpp, line 210]
Event: 3.023 Thread 0x000000001d45f000 Exception <a 'java/lang/ClassNotFoundException': org/codehaus/groovy/runtime/GStringImplBeanInfo> (0x00000000d7b88448) thrown at [C:\src\AOSP-openjdk-git\hotspot\src\share\vm\classfile\systemDictionary.cpp, line 210]
Event: 3.023 Thread 0x000000001d45f000 Exception <a 'java/lang/ClassNotFoundException': org/codehaus/groovy/runtime/GStringImplCustomizer> (0x00000000d7bb4558) thrown at [C:\src\AOSP-openjdk-git\hotspot\src\share\vm\classfile\systemDictionary.cpp, line 210]

Events (10 events):
Event: 3.045 loading class org/gradle/api/internal/artifacts/ResolvedConfigurationIdentifierSerializer
Event: 3.045 loading class org/gradle/api/internal/artifacts/ResolvedConfigurationIdentifierSerializer done
Event: 3.045 loading class org/gradle/api/internal/artifacts/ivyservice/resolveengine/oldresult/DefaultResolvedConfigurationBuilder
Event: 3.045 loading class org/gradle/api/internal/artifacts/ivyservice/resolveengine/oldresult/DefaultResolvedConfigurationBuilder done
Event: 3.046 loading class org/gradle/api/internal/artifacts/ivyservice/resolveengine/oldresult/ResolvedGraphResults
Event: 3.046 loading class org/gradle/api/internal/artifacts/ivyservice/resolveengine/oldresult/ResolvedGraphResults done
Event: 3.046 loading class org/gradle/api/internal/artifacts/ivyservice/resolveengine/oldresult/ResolvedConfigurationDependencyGraphVisitor
Event: 3.046 loading class org/gradle/api/internal/artifacts/ivyservice/resolveengine/oldresult/ResolvedConfigurationDependencyGraphVisitor done
Event: 3.047 loading class org/gradle/api/internal/artifacts/ivyservice/resolveengine/graph/DependencyGraphNode
Event: 3.047 loading class org/gradle/api/internal/artifacts/ivyservice/resolveengine/graph/DependencyGraphNode done


Dynamic libraries:
0x00007ff745810000 - 0x00007ff745841000 	C:\Program Files\Android\Android Studio\jre\bin\java.exe
0x00007ffe90560000 - 0x00007ffe90750000 	C:\Windows\SYSTEM32\ntdll.dll
0x00007ffe8f980000 - 0x00007ffe8fa32000 	C:\Windows\System32\KERNEL32.DLL
0x00007ffe8dff0000 - 0x00007ffe8e295000 	C:\Windows\System32\KERNELBASE.dll
0x00007ffe8f510000 - 0x00007ffe8f5b3000 	C:\Windows\System32\ADVAPI32.dll
0x00007ffe8e9e0000 - 0x00007ffe8ea7e000 	C:\Windows\System32\msvcrt.dll
0x00007ffe8e7c0000 - 0x00007ffe8e857000 	C:\Windows\System32\sechost.dll
0x00007ffe8fa40000 - 0x00007ffe8fb5f000 	C:\Windows\System32\RPCRT4.dll
0x00007ffe8f070000 - 0x00007ffe8f204000 	C:\Windows\System32\USER32.dll
0x00007ffe8e4b0000 - 0x00007ffe8e4d1000 	C:\Windows\System32\win32u.dll
0x00007ffe8ebd0000 - 0x00007ffe8ebf6000 	C:\Windows\System32\GDI32.dll
0x00007ffe8d660000 - 0x00007ffe8d7f8000 	C:\Windows\System32\gdi32full.dll
0x00007ffe8d4d0000 - 0x00007ffe8d56e000 	C:\Windows\System32\msvcp_win.dll
0x00007ffe8e510000 - 0x00007ffe8e60a000 	C:\Windows\System32\ucrtbase.dll
0x00007ffe7cdc0000 - 0x00007ffe7d044000 	C:\Windows\WinSxS\amd64_microsoft.windows.common-controls_6595b64144ccf1df_6.0.18362.1440_none_9e7dbfb9e45e8e67\COMCTL32.dll
0x00007ffe8f630000 - 0x00007ffe8f966000 	C:\Windows\System32\combase.dll
0x00007ffe8d5d0000 - 0x00007ffe8d651000 	C:\Windows\System32\bcryptPrimitives.dll
0x00007ffe8e610000 - 0x00007ffe8e63e000 	C:\Windows\System32\IMM32.DLL
0x000000005f330000 - 0x000000005f402000 	C:\Program Files\Android\Android Studio\jre\jre\bin\msvcr100.dll
0x000000005f410000 - 0x000000005fc5b000 	C:\Program Files\Android\Android Studio\jre\jre\bin\server\jvm.dll
0x00007ffe8f970000 - 0x00007ffe8f978000 	C:\Windows\System32\PSAPI.DLL
0x00007ffe864b0000 - 0x00007ffe864b9000 	C:\Windows\SYSTEM32\WSOCK32.dll
0x00007ffe8b020000 - 0x00007ffe8b044000 	C:\Windows\SYSTEM32\WINMM.dll
0x00007ffe85730000 - 0x00007ffe8573a000 	C:\Windows\SYSTEM32\VERSION.dll
0x00007ffe8f210000 - 0x00007ffe8f27f000 	C:\Windows\System32\WS2_32.dll
0x00007ffe8afc0000 - 0x00007ffe8afed000 	C:\Windows\SYSTEM32\winmmbase.dll
0x00007ffe8d820000 - 0x00007ffe8d86a000 	C:\Windows\System32\cfgmgr32.dll
0x00007ffe85080000 - 0x00007ffe8508f000 	C:\Program Files\Android\Android Studio\jre\jre\bin\verify.dll
0x00007ffe70fc0000 - 0x00007ffe70fe9000 	C:\Program Files\Android\Android Studio\jre\jre\bin\java.dll
0x00007ffe82870000 - 0x00007ffe82886000 	C:\Program Files\Android\Android Studio\jre\jre\bin\zip.dll
0x00007ffe8fd00000 - 0x00007ffe903e8000 	C:\Windows\System32\SHELL32.dll
0x00007ffe90470000 - 0x00007ffe90517000 	C:\Windows\System32\shcore.dll
0x00007ffe8d870000 - 0x00007ffe8dfeb000 	C:\Windows\System32\windows.storage.dll
0x00007ffe8d4b0000 - 0x00007ffe8d4ce000 	C:\Windows\System32\profapi.dll
0x00007ffe8d420000 - 0x00007ffe8d46a000 	C:\Windows\System32\powrprof.dll
0x00007ffe8d410000 - 0x00007ffe8d420000 	C:\Windows\System32\UMPDC.dll
0x00007ffe8f5d0000 - 0x00007ffe8f622000 	C:\Windows\System32\shlwapi.dll
0x00007ffe8d470000 - 0x00007ffe8d481000 	C:\Windows\System32\kernel.appcore.dll
0x00007ffe8d800000 - 0x00007ffe8d817000 	C:\Windows\System32\cryptsp.dll
0x00007ffe7c7d0000 - 0x00007ffe7c7ea000 	C:\Program Files\Android\Android Studio\jre\jre\bin\net.dll
0x00007ffe8cc50000 - 0x00007ffe8ccb7000 	C:\Windows\system32\mswsock.dll
0x00007ffe7bf10000 - 0x00007ffe7bf23000 	C:\Program Files\Android\Android Studio\jre\jre\bin\nio.dll
0x00007ffe8a7f0000 - 0x00007ffe8a817000 	C:\Users\ADMIN\.gradle\native\f6784746aeab05261644944871eae4fe03e0ef1612fff0a4a95f87b438bc6780\windows-amd64\native-platform.dll
0x00007ffe828c0000 - 0x00007ffe828cd000 	C:\Program Files\Android\Android Studio\jre\jre\bin\management.dll
0x00007ffe8c7d0000 - 0x00007ffe8c803000 	C:\Windows\system32\rsaenh.dll
0x00007ffe8e4e0000 - 0x00007ffe8e506000 	C:\Windows\System32\bcrypt.dll
0x00007ffe8d330000 - 0x00007ffe8d355000 	C:\Windows\SYSTEM32\USERENV.dll
0x00007ffe8ce20000 - 0x00007ffe8ce2c000 	C:\Windows\SYSTEM32\CRYPTBASE.dll
0x00007ffe8c960000 - 0x00007ffe8c99a000 	C:\Windows\SYSTEM32\IPHLPAPI.DLL
0x00007ffe8ebc0000 - 0x00007ffe8ebc8000 	C:\Windows\System32\NSI.dll
0x00007ffe84ed0000 - 0x00007ffe84ee6000 	C:\Windows\SYSTEM32\dhcpcsvc6.DLL
0x00007ffe85650000 - 0x00007ffe8566c000 	C:\Windows\SYSTEM32\dhcpcsvc.DLL
0x00007ffe8c9a0000 - 0x00007ffe8ca6b000 	C:\Windows\SYSTEM32\DNSAPI.dll
0x00007ffe85670000 - 0x00007ffe8567b000 	C:\Windows\SYSTEM32\WINNSI.DLL

VM Arguments:
jvm_args: -Xmx2048m -Dfile.encoding=UTF-8 -Duser.country=US -Duser.language=en -Duser.variant 
java_command: org.gradle.launcher.daemon.bootstrap.GradleDaemon 6.5
java_class_path (initial): C:\Users\ADMIN\.gradle\wrapper\dists\gradle-6.5-all\2oz4ud9k3tuxjg84bbf55q0tn\gradle-6.5\lib\gradle-launcher-6.5.jar
Launcher Type: SUN_STANDARD

Environment Variables:
PATH=C:\Program Files (x86)\Common Files\Oracle\Java\javapath;C:\Windows\system32;C:\Windows;C:\Windows\System32\Wbem;C:\Windows\System32\WindowsPowerShell\v1.0\;C:\Windows\System32\OpenSSH\;C:\Program Files\Git\cmd;C:\Users\ADMIN\AppData\Local\Microsoft\WindowsApps;
USERNAME=ADMIN
OS=Windows_NT
PROCESSOR_IDENTIFIER=Intel64 Family 6 Model 158 Stepping 10, GenuineIntel



---------------  S Y S T E M  ---------------

OS: Windows 10.0 , 64 bit Build 18362 (10.0.18362.1350)

CPU:total 12 (initial active 12) (6 cores per cpu, 2 threads per core) family 6 model 158 stepping 10, cmov, cx8, fxsr, mmx, sse, sse2, sse3, ssse3, sse4.1, sse4.2, popcnt, avx, avx2, aes, clmul, erms, 3dnowpref, lzcnt, ht, tsc, tscinvbit, bmi1, bmi2, adx

Memory: 4k page, physical 8177948k(443056k free), swap 12372252k(6456k free)

vm_info: OpenJDK 64-Bit Server VM (25.242-b01) for windows-amd64 JRE (1.8.0_242-release-1644-b01), built by "builder" with MS VC++ 10.0 (VS2010)

time: Thu Apr 22 23:12:49 2021
timezone: SE Asia Standard Time
elapsed time: 3 seconds (0d 0h 0m 3s)

